<?xml version="1.0" encoding="UTF-8"?>
<testsuite xmlns:xsi="http://www.w3.org/2001/XMLSchema-instance" xsi:noNamespaceSchemaLocation="https://maven.apache.org/surefire/maven-surefire-plugin/xsd/surefire-test-report.xsd" name="BlackBox.SortAlgorithmBlackBoxTest" time="0.264" tests="119" errors="0" skipped="0" failures="0">
  <properties>
[...]
</properties>
  <testcase name="nullTest[0]" classname="BlackBox.SortAlgorithmBlackBoxTest" time="0"/>
  <testcase name="allDuplicateTest[0]" classname="BlackBox.SortAlgorithmBlackBoxTest" time="0.016"/>
  <testcase name="emptyTest[0]" classname="BlackBox.SortAlgorithmBlackBoxTest" time="0"/>
  <testcase name="dummyTest[0]" classname="BlackBox.SortAlgorithmBlackBoxTest" time="0"/>
  <testcase name="oneTest[0]" classname="BlackBox.SortAlgorithmBlackBoxTest" time="0"/>
  <testcase name="duplicateTest[0]" classname="BlackBox.SortAlgorithmBlackBoxTest" time="0"/>
  <testcase name="testSort[0]" classname="BlackBox.SortAlgorithmBlackBoxTest" time="0"/>
  <testcase name="findPrevTest[0]" classname="BlackBox.SortAlgorithmBlackBoxTest" time="0"/>
  <testcase name="extremeTest2[0]" classname="BlackBox.SortAlgorithmBlackBoxTest" time="0"/>
  <testcase name="emptyTest2[0]" classname="BlackBox.SortAlgorithmBlackBoxTest" time="0"/>
  <testcase name="negativeTest[0]" classname="BlackBox.SortAlgorithmBlackBoxTest" time="0"/>
  <testcase name="extremeTest[0]" classname="BlackBox.SortAlgorithmBlackBoxTest" time="0"/>
  <testcase name="findNextTest2[0]" classname="BlackBox.SortAlgorithmBlackBoxTest" time="0"/>
  <testcase name="findNextTest[0]" classname="BlackBox.SortAlgorithmBlackBoxTest" time="0"/>
  <testcase name="newTest[0]" classname="BlackBox.SortAlgorithmBlackBoxTest" time="0"/>
  <testcase name="descendingTest[0]" classname="BlackBox.SortAlgorithmBlackBoxTest" time="0.094"/>
  <testcase name="findJustNextTest[0]" classname="BlackBox.SortAlgorithmBlackBoxTest" time="0"/>
  <testcase name="nullTest[1]" classname="BlackBox.SortAlgorithmBlackBoxTest" time="0"/>
  <testcase name="allDuplicateTest[1]" classname="BlackBox.SortAlgorithmBlackBoxTest" time="0"/>
  <testcase name="emptyTest[1]" classname="BlackBox.SortAlgorithmBlackBoxTest" time="0"/>
  <testcase name="dummyTest[1]" classname="BlackBox.SortAlgorithmBlackBoxTest" time="0"/>
  <testcase name="oneTest[1]" classname="BlackBox.SortAlgorithmBlackBoxTest" time="0"/>
  <testcase name="duplicateTest[1]" classname="BlackBox.SortAlgorithmBlackBoxTest" time="0"/>
  <testcase name="testSort[1]" classname="BlackBox.SortAlgorithmBlackBoxTest" time="0"/>
  <testcase name="findPrevTest[1]" classname="BlackBox.SortAlgorithmBlackBoxTest" time="0"/>
  <testcase name="extremeTest2[1]" classname="BlackBox.SortAlgorithmBlackBoxTest" time="0"/>
  <testcase name="emptyTest2[1]" classname="BlackBox.SortAlgorithmBlackBoxTest" time="0"/>
  <testcase name="negativeTest[1]" classname="BlackBox.SortAlgorithmBlackBoxTest" time="0"/>
  <testcase name="extremeTest[1]" classname="BlackBox.SortAlgorithmBlackBoxTest" time="0"/>
  <testcase name="findNextTest2[1]" classname="BlackBox.SortAlgorithmBlackBoxTest" time="0"/>
  <testcase name="findNextTest[1]" classname="BlackBox.SortAlgorithmBlackBoxTest" time="0"/>
  <testcase name="newTest[1]" classname="BlackBox.SortAlgorithmBlackBoxTest" time="0"/>
  <testcase name="descendingTest[1]" classname="BlackBox.SortAlgorithmBlackBoxTest" time="0"/>
  <testcase name="findJustNextTest[1]" classname="BlackBox.SortAlgorithmBlackBoxTest" time="0"/>
  <testcase name="nullTest[2]" classname="BlackBox.SortAlgorithmBlackBoxTest" time="0"/>
  <testcase name="allDuplicateTest[2]" classname="BlackBox.SortAlgorithmBlackBoxTest" time="0"/>
  <testcase name="emptyTest[2]" classname="BlackBox.SortAlgorithmBlackBoxTest" time="0"/>
  <testcase name="dummyTest[2]" classname="BlackBox.SortAlgorithmBlackBoxTest" time="0"/>
  <testcase name="oneTest[2]" classname="BlackBox.SortAlgorithmBlackBoxTest" time="0.015"/>
  <testcase name="duplicateTest[2]" classname="BlackBox.SortAlgorithmBlackBoxTest" time="0"/>
  <testcase name="testSort[2]" classname="BlackBox.SortAlgorithmBlackBoxTest" time="0"/>
  <testcase name="findPrevTest[2]" classname="BlackBox.SortAlgorithmBlackBoxTest" time="0.001"/>
  <testcase name="extremeTest2[2]" classname="BlackBox.SortAlgorithmBlackBoxTest" time="0"/>
  <testcase name="emptyTest2[2]" classname="BlackBox.SortAlgorithmBlackBoxTest" time="0"/>
  <testcase name="negativeTest[2]" classname="BlackBox.SortAlgorithmBlackBoxTest" time="0.001"/>
  <testcase name="extremeTest[2]" classname="BlackBox.SortAlgorithmBlackBoxTest" time="0.006"/>
  <testcase name="findNextTest2[2]" classname="BlackBox.SortAlgorithmBlackBoxTest" time="0"/>
  <testcase name="findNextTest[2]" classname="BlackBox.SortAlgorithmBlackBoxTest" time="0.009"/>
  <testcase name="newTest[2]" classname="BlackBox.SortAlgorithmBlackBoxTest" time="0"/>
  <testcase name="descendingTest[2]" classname="BlackBox.SortAlgorithmBlackBoxTest" time="0.001"/>
  <testcase name="findJustNextTest[2]" classname="BlackBox.SortAlgorithmBlackBoxTest" time="0.001"/>
  <testcase name="nullTest[3]" classname="BlackBox.SortAlgorithmBlackBoxTest" time="0"/>
  <testcase name="allDuplicateTest[3]" classname="BlackBox.SortAlgorithmBlackBoxTest" time="0.007"/>
  <testcase name="emptyTest[3]" classname="BlackBox.SortAlgorithmBlackBoxTest" time="0.001"/>
  <testcase name="dummyTest[3]" classname="BlackBox.SortAlgorithmBlackBoxTest" time="0.001"/>
  <testcase name="oneTest[3]" classname="BlackBox.SortAlgorithmBlackBoxTest" time="0"/>
  <testcase name="duplicateTest[3]" classname="BlackBox.SortAlgorithmBlackBoxTest" time="0"/>
  <testcase name="testSort[3]" classname="BlackBox.SortAlgorithmBlackBoxTest" time="0.001"/>
  <testcase name="findPrevTest[3]" classname="BlackBox.SortAlgorithmBlackBoxTest" time="0.009"/>
  <testcase name="extremeTest2[3]" classname="BlackBox.SortAlgorithmBlackBoxTest" time="0.001"/>
  <testcase name="emptyTest2[3]" classname="BlackBox.SortAlgorithmBlackBoxTest" time="0.002"/>
  <testcase name="negativeTest[3]" classname="BlackBox.SortAlgorithmBlackBoxTest" time="0"/>
  <testcase name="extremeTest[3]" classname="BlackBox.SortAlgorithmBlackBoxTest" time="0"/>
  <testcase name="findNextTest2[3]" classname="BlackBox.SortAlgorithmBlackBoxTest" time="0"/>
  <testcase name="findNextTest[3]" classname="BlackBox.SortAlgorithmBlackBoxTest" time="0.007"/>
  <testcase name="newTest[3]" classname="BlackBox.SortAlgorithmBlackBoxTest" time="0"/>
  <testcase name="descendingTest[3]" classname="BlackBox.SortAlgorithmBlackBoxTest" time="0"/>
  <testcase name="findJustNextTest[3]" classname="BlackBox.SortAlgorithmBlackBoxTest" time="0"/>
  <testcase name="nullTest[4]" classname="BlackBox.SortAlgorithmBlackBoxTest" time="0"/>
  <testcase name="allDuplicateTest[4]" classname="BlackBox.SortAlgorithmBlackBoxTest" time="0"/>
  <testcase name="emptyTest[4]" classname="BlackBox.SortAlgorithmBlackBoxTest" time="0.007"/>
  <testcase name="dummyTest[4]" classname="BlackBox.SortAlgorithmBlackBoxTest" time="0"/>
  <testcase name="oneTest[4]" classname="BlackBox.SortAlgorithmBlackBoxTest" time="0"/>
  <testcase name="duplicateTest[4]" classname="BlackBox.SortAlgorithmBlackBoxTest" time="0"/>
  <testcase name="testSort[4]" classname="BlackBox.SortAlgorithmBlackBoxTest" time="0"/>
  <testcase name="findPrevTest[4]" classname="BlackBox.SortAlgorithmBlackBoxTest" time="0"/>
  <testcase name="extremeTest2[4]" classname="BlackBox.SortAlgorithmBlackBoxTest" time="0"/>
  <testcase name="emptyTest2[4]" classname="BlackBox.SortAlgorithmBlackBoxTest" time="0"/>
  <testcase name="negativeTest[4]" classname="BlackBox.SortAlgorithmBlackBoxTest" time="0"/>
  <testcase name="extremeTest[4]" classname="BlackBox.SortAlgorithmBlackBoxTest" time="0.002"/>
  <testcase name="findNextTest2[4]" classname="BlackBox.SortAlgorithmBlackBoxTest" time="0"/>
  <testcase name="findNextTest[4]" classname="BlackBox.SortAlgorithmBlackBoxTest" time="0"/>
  <testcase name="newTest[4]" classname="BlackBox.SortAlgorithmBlackBoxTest" time="0"/>
  <testcase name="descendingTest[4]" classname="BlackBox.SortAlgorithmBlackBoxTest" time="0"/>
  <testcase name="findJustNextTest[4]" classname="BlackBox.SortAlgorithmBlackBoxTest" time="0"/>
  <testcase name="nullTest[5]" classname="BlackBox.SortAlgorithmBlackBoxTest" time="0"/>
  <testcase name="allDuplicateTest[5]" classname="BlackBox.SortAlgorithmBlackBoxTest" time="0"/>
  <testcase name="emptyTest[5]" classname="BlackBox.SortAlgorithmBlackBoxTest" time="0"/>
  <testcase name="dummyTest[5]" classname="BlackBox.SortAlgorithmBlackBoxTest" time="0.001"/>
  <testcase name="oneTest[5]" classname="BlackBox.SortAlgorithmBlackBoxTest" time="0"/>
  <testcase name="duplicateTest[5]" classname="BlackBox.SortAlgorithmBlackBoxTest" time="0"/>
  <testcase name="testSort[5]" classname="BlackBox.SortAlgorithmBlackBoxTest" time="0"/>
  <testcase name="findPrevTest[5]" classname="BlackBox.SortAlgorithmBlackBoxTest" time="0"/>
  <testcase name="extremeTest2[5]" classname="BlackBox.SortAlgorithmBlackBoxTest" time="0"/>
  <testcase name="emptyTest2[5]" classname="BlackBox.SortAlgorithmBlackBoxTest" time="0"/>
  <testcase name="negativeTest[5]" classname="BlackBox.SortAlgorithmBlackBoxTest" time="0"/>
  <testcase name="extremeTest[5]" classname="BlackBox.SortAlgorithmBlackBoxTest" time="0"/>
  <testcase name="findNextTest2[5]" classname="BlackBox.SortAlgorithmBlackBoxTest" time="0"/>
  <testcase name="findNextTest[5]" classname="BlackBox.SortAlgorithmBlackBoxTest" time="0"/>
  <testcase name="newTest[5]" classname="BlackBox.SortAlgorithmBlackBoxTest" time="0"/>
  <testcase name="descendingTest[5]" classname="BlackBox.SortAlgorithmBlackBoxTest" time="0"/>
  <testcase name="findJustNextTest[5]" classname="BlackBox.SortAlgorithmBlackBoxTest" time="0"/>
  <testcase name="nullTest[6]" classname="BlackBox.SortAlgorithmBlackBoxTest" time="0"/>
  <testcase name="allDuplicateTest[6]" classname="BlackBox.SortAlgorithmBlackBoxTest" time="0"/>
  <testcase name="emptyTest[6]" classname="BlackBox.SortAlgorithmBlackBoxTest" time="0"/>
  <testcase name="dummyTest[6]" classname="BlackBox.SortAlgorithmBlackBoxTest" time="0"/>
  <testcase name="oneTest[6]" classname="BlackBox.SortAlgorithmBlackBoxTest" time="0"/>
  <testcase name="duplicateTest[6]" classname="BlackBox.SortAlgorithmBlackBoxTest" time="0.006"/>
  <testcase name="testSort[6]" classname="BlackBox.SortAlgorithmBlackBoxTest" time="0"/>
  <testcase name="findPrevTest[6]" classname="BlackBox.SortAlgorithmBlackBoxTest" time="0"/>
  <testcase name="extremeTest2[6]" classname="BlackBox.SortAlgorithmBlackBoxTest" time="0"/>
  <testcase name="emptyTest2[6]" classname="BlackBox.SortAlgorithmBlackBoxTest" time="0"/>
  <testcase name="negativeTest[6]" classname="BlackBox.SortAlgorithmBlackBoxTest" time="0"/>
  <testcase name="extremeTest[6]" classname="BlackBox.SortAlgorithmBlackBoxTest" time="0"/>
  <testcase name="findNextTest2[6]" classname="BlackBox.SortAlgorithmBlackBoxTest" time="0"/>
  <testcase name="findNextTest[6]" classname="BlackBox.SortAlgorithmBlackBoxTest" time="0.003"/>
  <testcase name="newTest[6]" classname="BlackBox.SortAlgorithmBlackBoxTest" time="0"/>
  <testcase name="descendingTest[6]" classname="BlackBox.SortAlgorithmBlackBoxTest" time="0"/>
  <testcase name="findJustNextTest[6]" classname="BlackBox.SortAlgorithmBlackBoxTest" time="0"/>
</testsuite>