<?xml version="1.0" encoding="UTF-8"?>
<testsuite xmlns:xsi="http://www.w3.org/2001/XMLSchema-instance" xsi:noNamespaceSchemaLocation="https://maven.apache.org/surefire/maven-surefire-plugin/xsd/surefire-test-report.xsd" name="WhiteBox.IpValidatorTest" time="0" tests="28" errors="0" skipped="0" failures="0">
  <properties>
[...]
</properties>
  <testcase name="invalidIPv6IsDigitTest2" classname="WhiteBox.IpValidatorTest" time="0"/>
  <testcase name="invalidIPv6TokenFirstTest2" classname="WhiteBox.IpValidatorTest" time="0"/>
  <testcase name="invalidIPv6TokenFirstTest3" classname="WhiteBox.IpValidatorTest" time="0"/>
  <testcase name="dummyTest" classname="WhiteBox.IpValidatorTest" time="0"/>
  <testcase name="invalidIPv4EndTest" classname="WhiteBox.IpValidatorTest" time="0"/>
  <testcase name="invalidIPv6IsLowerTest" classname="WhiteBox.IpValidatorTest" time="0"/>
  <testcase name="invalidIPv6lengthTest" classname="WhiteBox.IpValidatorTest" time="0"/>
  <testcase name="invalidIPv4takenTest" classname="WhiteBox.IpValidatorTest" time="0"/>
  <testcase name="invalidIPv4takenZeroStartTest2" classname="WhiteBox.IpValidatorTest" time="0"/>
  <testcase name="invalidIPv4takenZeroStartTest3" classname="WhiteBox.IpValidatorTest" time="0"/>
  <testcase name="invalidIPv4takenZeroStartTest4" classname="WhiteBox.IpValidatorTest" time="0"/>
  <testcase name="invalidIPv4takenZeroTest3" classname="WhiteBox.IpValidatorTest" time="0"/>
  <testcase name="invalidIPv6IsUpperTest" classname="WhiteBox.IpValidatorTest" time="0"/>
  <testcase name="invalidIPv4takenZeroStartTest" classname="WhiteBox.IpValidatorTest" time="0"/>
  <testcase name="invalidIPv4LengthTest" classname="WhiteBox.IpValidatorTest" time="0"/>
  <testcase name="validIPv6lengthTest" classname="WhiteBox.IpValidatorTest" time="0"/>
  <testcase name="invalidIPv4takenZeroTest" classname="WhiteBox.IpValidatorTest" time="0"/>
  <testcase name="invalidIPv4takenExtremeTest" classname="WhiteBox.IpValidatorTest" time="0"/>
  <testcase name="invalidIPv6TokenLenTest" classname="WhiteBox.IpValidatorTest" time="0"/>
  <testcase name="invalidIPv4takenExtremeTest2" classname="WhiteBox.IpValidatorTest" time="0"/>
  <testcase name="invalidIPv4takenExtremeTest3" classname="WhiteBox.IpValidatorTest" time="0"/>
  <testcase name="invalidIPv4takenChTest" classname="WhiteBox.IpValidatorTest" time="0"/>
  <testcase name="invalidIPv6StartTest" classname="WhiteBox.IpValidatorTest" time="0"/>
  <testcase name="invalidIPv6IsDigitTest" classname="WhiteBox.IpValidatorTest" time="0"/>
  <testcase name="validIPv4LengthTest" classname="WhiteBox.IpValidatorTest" time="0"/>
  <testcase name="invalidIPv4StartTest" classname="WhiteBox.IpValidatorTest" time="0"/>
  <testcase name="invalidIPv6TokenFirstTest" classname="WhiteBox.IpValidatorTest" time="0"/>
  <testcase name="invalidIPv6EndTest" classname="WhiteBox.IpValidatorTest" time="0"/>
</testsuite>